{
  "RSpec": {
    "coverage": {
      "/Users/lemur/dev/xf/spec/xf/trace_key_value_spec.rb": [
        1,
        1,
        null,
        1,
        6,
        6,
        null,
        5,
        null,
        1,
        1,
        1,
        null,
        null,
        null,
        1,
        1,
        1,
        null,
        null,
        null,
        1,
        1,
        1,
        1,
        null,
        null,
        1,
        2,
        1,
        null,
        1,
        null,
        null,
        null,
        1,
        1,
        1,
        1,
        null,
        null,
        null
      ],
      "/Users/lemur/dev/xf/spec/xf/trace_spec.rb": [
        1,
        1,
        null,
        1,
        7,
        7,
        null,
        6,
        null,
        1,
        1,
        1,
        null,
        null,
        null,
        1,
        1,
        1,
        null,
        null,
        1,
        4,
        null,
        null,
        null,
        1,
        1,
        1,
        1,
        null,
        null,
        1,
        4,
        1,
        null,
        1,
        null,
        null,
        null,
        1,
        1,
        1,
        1,
        null,
        4,
        1,
        null,
        1,
        null,
        null,
        null
      ],
      "/Users/lemur/dev/xf/spec/xf/trace_value_spec.rb": [
        1,
        1,
        null,
        1,
        6,
        6,
        null,
        5,
        null,
        1,
        1,
        1,
        null,
        null,
        null,
        1,
        1,
        1,
        null,
        null,
        null,
        1,
        1,
        1,
        1,
        null,
        null,
        1,
        3,
        1,
        null,
        1,
        null,
        null,
        null,
        1,
        1,
        1,
        1,
        null,
        null,
        null
      ],
      "/Users/lemur/dev/xf/spec/xf_spec.rb": [
        1,
        1,
        null,
        1,
        1,
        1,
        1,
        1,
        null,
        null,
        null,
        null,
        1,
        6,
        null,
        1,
        null,
        null,
        null,
        null,
        1,
        2,
        null,
        null,
        null,
        null
      ]
    },
    "timestamp": 1529564525
  }
}
