{
  "RSpec": {
    "coverage": {
      "/Users/lemur/dev/xf/lib/xf.rb": [
        null,
        null,
        1,
        1,
        null,
        1,
        1,
        null
      ],
      "/Users/lemur/dev/xf/lib/xf/public_api.rb": [
        null,
        null,
        1,
        1,
        null,
        null,
        null,
        null,
        null,
        null,
        1,
        3,
        null,
        2,
        28,
        null,
        null,
        null,
        1,
        null,
        null
      ],
      "/Users/lemur/dev/xf/spec/support/shared_contexts/temp_dir.rb": [
        null,
        null,
        1,
        0,
        null,
        0,
        0,
        0,
        0,
        null,
        null
      ]
    },
    "timestamp": 1524296960
  }
}
